Determining if the pthread_create exist failed with the following output:
Change Dir: /home/parallels/CppGithub/CppND-Route-Planning-Project/build/CMakeFiles/CMakeTmp

Run Build Command:"/usr/bin/make" "cmTC_49be6/fast"
/usr/bin/make -f CMakeFiles/cmTC_49be6.dir/build.make CMakeFiles/cmTC_49be6.dir/build
make[1]: Verzeichnis „/media/psf/Home/Documents/Workspace/GitHub/Cpp/CppND-Route-Planning-Project/build/CMakeFiles/CMakeTmp“ wird betreten
Building C object CMakeFiles/cmTC_49be6.dir/CheckSymbolExists.c.o
/usr/bin/cc    -o CMakeFiles/cmTC_49be6.dir/CheckSymbolExists.c.o   -c /home/parallels/CppGithub/CppND-Route-Planning-Project/build/CMakeFiles/CMakeTmp/CheckSymbolExists.c
Linking C executable cmTC_49be6
/usr/bin/cmake -E cmake_link_script CMakeFiles/cmTC_49be6.dir/link.txt --verbose=1
/usr/bin/cc      -rdynamic CMakeFiles/cmTC_49be6.dir/CheckSymbolExists.c.o  -o cmTC_49be6 
CMakeFiles/cmTC_49be6.dir/CheckSymbolExists.c.o: In Funktion »main«:
CheckSymbolExists.c:(.text+0x1b): Warnung: undefinierter Verweis auf »pthread_create«
collect2: error: ld returned 1 exit status
CMakeFiles/cmTC_49be6.dir/build.make:97: recipe for target 'cmTC_49be6' failed
make[1]: *** [cmTC_49be6] Error 1
make[1]: Verzeichnis „/media/psf/Home/Documents/Workspace/GitHub/Cpp/CppND-Route-Planning-Project/build/CMakeFiles/CMakeTmp“ wird verlassen
Makefile:126: recipe for target 'cmTC_49be6/fast' failed
make: *** [cmTC_49be6/fast] Error 2

File /home/parallels/CppGithub/CppND-Route-Planning-Project/build/CMakeFiles/CMakeTmp/CheckSymbolExists.c:
/* */
#include <pthread.h>

int main(int argc, char** argv)
{
  (void)argv;
#ifndef pthread_create
  return ((int*)(&pthread_create))[argc];
#else
  (void)argc;
  return 0;
#endif
}

Determining if the function pthread_create exists in the pthreads failed with the following output:
Change Dir: /home/parallels/CppGithub/CppND-Route-Planning-Project/build/CMakeFiles/CMakeTmp

Run Build Command:"/usr/bin/make" "cmTC_3b8a5/fast"
/usr/bin/make -f CMakeFiles/cmTC_3b8a5.dir/build.make CMakeFiles/cmTC_3b8a5.dir/build
make[1]: Verzeichnis „/media/psf/Home/Documents/Workspace/GitHub/Cpp/CppND-Route-Planning-Project/build/CMakeFiles/CMakeTmp“ wird betreten
Building C object CMakeFiles/cmTC_3b8a5.dir/CheckFunctionExists.c.o
/usr/bin/cc   -DCHECK_FUNCTION_EXISTS=pthread_create   -o CMakeFiles/cmTC_3b8a5.dir/CheckFunctionExists.c.o   -c /usr/share/cmake-3.10/Modules/CheckFunctionExists.c
Linking C executable cmTC_3b8a5
/usr/bin/cmake -E cmake_link_script CMakeFiles/cmTC_3b8a5.dir/link.txt --verbose=1
/usr/bin/cc  -DCHECK_FUNCTION_EXISTS=pthread_create    -rdynamic CMakeFiles/cmTC_3b8a5.dir/CheckFunctionExists.c.o  -o cmTC_3b8a5 -lpthreads 
/usr/bin/ld: -lpthreads kann nicht gefunden werden
collect2: error: ld returned 1 exit status
CMakeFiles/cmTC_3b8a5.dir/build.make:97: recipe for target 'cmTC_3b8a5' failed
make[1]: *** [cmTC_3b8a5] Error 1
make[1]: Verzeichnis „/media/psf/Home/Documents/Workspace/GitHub/Cpp/CppND-Route-Planning-Project/build/CMakeFiles/CMakeTmp“ wird verlassen
Makefile:126: recipe for target 'cmTC_3b8a5/fast' failed
make: *** [cmTC_3b8a5/fast] Error 2


