Performing C SOURCE FILE Test CMAKE_HAVE_LIBC_PTHREAD failed with the following output:
Change Dir: /home/parallels/CppGithub/Route-Planning/cmake-build-debug/CMakeFiles/CMakeTmp

Run Build Command(s):/usr/bin/make cmTC_bb9b4/fast && /usr/bin/make -f CMakeFiles/cmTC_bb9b4.dir/build.make CMakeFiles/cmTC_bb9b4.dir/build
make[1]: Verzeichnis „/media/psf/Home/Documents/Workspace/GitHub/Cpp/Route-Planning/cmake-build-debug/CMakeFiles/CMakeTmp“ wird betreten
Building C object CMakeFiles/cmTC_bb9b4.dir/src.c.o
/usr/bin/cc   -DCMAKE_HAVE_LIBC_PTHREAD   -o CMakeFiles/cmTC_bb9b4.dir/src.c.o   -c /home/parallels/CppGithub/Route-Planning/cmake-build-debug/CMakeFiles/CMakeTmp/src.c
Linking C executable cmTC_bb9b4
/home/parallels/Documents/clion-2020.1/bin/cmake/linux/bin/cmake -E cmake_link_script CMakeFiles/cmTC_bb9b4.dir/link.txt --verbose=1
/usr/bin/cc  -DCMAKE_HAVE_LIBC_PTHREAD    -rdynamic CMakeFiles/cmTC_bb9b4.dir/src.c.o  -o cmTC_bb9b4 
CMakeFiles/cmTC_bb9b4.dir/src.c.o: In Funktion »main«:
src.c:(.text+0x3e): Warnung: undefinierter Verweis auf »pthread_create«
src.c:(.text+0x4a): Warnung: undefinierter Verweis auf »pthread_detach«
src.c:(.text+0x5b): Warnung: undefinierter Verweis auf »pthread_join«
src.c:(.text+0x6f): Warnung: undefinierter Verweis auf »pthread_atfork«
collect2: error: ld returned 1 exit status
CMakeFiles/cmTC_bb9b4.dir/build.make:86: recipe for target 'cmTC_bb9b4' failed
make[1]: *** [cmTC_bb9b4] Error 1
make[1]: Verzeichnis „/media/psf/Home/Documents/Workspace/GitHub/Cpp/Route-Planning/cmake-build-debug/CMakeFiles/CMakeTmp“ wird verlassen
Makefile:121: recipe for target 'cmTC_bb9b4/fast' failed
make: *** [cmTC_bb9b4/fast] Error 2


Source file was:
#include <pthread.h>

void* test_func(void* data)
{
  return data;
}

int main(void)
{
  pthread_t thread;
  pthread_create(&thread, NULL, test_func, NULL);
  pthread_detach(thread);
  pthread_join(thread, NULL);
  pthread_atfork(NULL, NULL, NULL);
  pthread_exit(NULL);

  return 0;
}

Determining if the function pthread_create exists in the pthreads failed with the following output:
Change Dir: /home/parallels/CppGithub/Route-Planning/cmake-build-debug/CMakeFiles/CMakeTmp

Run Build Command(s):/usr/bin/make cmTC_e2f57/fast && /usr/bin/make -f CMakeFiles/cmTC_e2f57.dir/build.make CMakeFiles/cmTC_e2f57.dir/build
make[1]: Verzeichnis „/media/psf/Home/Documents/Workspace/GitHub/Cpp/Route-Planning/cmake-build-debug/CMakeFiles/CMakeTmp“ wird betreten
Building C object CMakeFiles/cmTC_e2f57.dir/CheckFunctionExists.c.o
/usr/bin/cc   -DCHECK_FUNCTION_EXISTS=pthread_create   -o CMakeFiles/cmTC_e2f57.dir/CheckFunctionExists.c.o   -c /home/parallels/Documents/clion-2020.1/bin/cmake/linux/share/cmake-3.16/Modules/CheckFunctionExists.c
Linking C executable cmTC_e2f57
/home/parallels/Documents/clion-2020.1/bin/cmake/linux/bin/cmake -E cmake_link_script CMakeFiles/cmTC_e2f57.dir/link.txt --verbose=1
/usr/bin/cc  -DCHECK_FUNCTION_EXISTS=pthread_create    -rdynamic CMakeFiles/cmTC_e2f57.dir/CheckFunctionExists.c.o  -o cmTC_e2f57  -lpthreads 
/usr/bin/ld: -lpthreads kann nicht gefunden werden
collect2: error: ld returned 1 exit status
CMakeFiles/cmTC_e2f57.dir/build.make:86: recipe for target 'cmTC_e2f57' failed
make[1]: *** [cmTC_e2f57] Error 1
make[1]: Verzeichnis „/media/psf/Home/Documents/Workspace/GitHub/Cpp/Route-Planning/cmake-build-debug/CMakeFiles/CMakeTmp“ wird verlassen
Makefile:121: recipe for target 'cmTC_e2f57/fast' failed
make: *** [cmTC_e2f57/fast] Error 2



